<?xml version="1.0" encoding="UTF-8"?>
<!-- Generated by org.testng.reporters.JUnitXMLReporter -->
<testsuite ignored="0" hostname="DESKTOP-H0PI4DT" failures="0" tests="4" name="Default test" time="22.953" errors="0" timestamp="2023-02-08T18:19:19 IST">
  <testcase classname="xml_To_json.TC_03_Post_CreateBooking_JSON_extract2" name="verifyCreateUserTest" time="6.151"/>
  <testcase classname="xml_To_json.TC_03_Post_CreateBooking_JSON_extract2" name="verifyCreateUserTest" time="1.613"/>
  <testcase classname="xml_To_json.TC_03_Post_CreateBooking_JSON_extract2" name="verifyCreateUserTest" time="1.453"/>
  <testcase classname="xml_To_json.TC_03_Post_CreateBooking_JSON_extract2" name="verifyUpdateBookingTest" time="1.585"/>
</testsuite> <!-- Default test -->
