<?xml version="1.0" encoding="UTF-8"?>
<!-- Generated by org.testng.reporters.JUnitXMLReporter -->
<testsuite ignored="0" hostname="DESKTOP-H0PI4DT" failures="0" tests="3" name="Test" time="10.695" errors="0" timestamp="2023-02-06T17:29:43 IST">
  <testcase classname="reqres.TC_04_Post_CreateUser_DDT" name="verifyCreateUserTest" time="9.107"/>
  <testcase classname="reqres.TC_04_Post_CreateUser_DDT" name="verifyCreateUserTest" time="0.66"/>
  <testcase classname="reqres.TC_04_Post_CreateUser_DDT" name="verifyCreateUserTest" time="0.68"/>
</testsuite> <!-- Test -->
