<?xml version="1.0" encoding="UTF-8"?>
<!-- Generated by org.testng.reporters.JUnitXMLReporter -->
<testsuite ignored="0" hostname="DESKTOP-H0PI4DT" failures="0" tests="3" name="Test" time="6.219" errors="0" timestamp="2023-02-09T17:57:51 IST">
  <testcase classname="reqres.TC_04_Post_CreateUser_DDT" name="verifyCreateUserTest" time="4.822"/>
  <testcase classname="reqres.TC_04_Post_CreateUser_DDT" name="verifyCreateUserTest" time="0.64"/>
  <testcase classname="reqres.TC_04_Post_CreateUser_DDT" name="verifyCreateUserTest" time="0.632"/>
</testsuite> <!-- Test -->
