<?xml version="1.0" encoding="UTF-8"?>
<testsuite xmlns:xsi="http://www.w3.org/2001/XMLSchema-instance" xsi:noNamespaceSchemaLocation="https://maven.apache.org/surefire/maven-surefire-plugin/xsd/surefire-test-report-3.0.xsd" version="3.0" name="TestSuite" time="7.344" tests="3" errors="0" skipped="0" failures="0">
  <properties>
[...]
</properties>
  <testcase name="verifyCreateUserTest[Abhay, Sr. Leader](1)" classname="reqres.TC_04_Post_CreateUser_DDT" time="4.854">
    <system-out><![CDATA[Name: Abhay
ROLE: Sr. Leader
Request body: {"name":"Abhay","job":"Sr. Leader"}
HTTP/1.1 201 Created
Date: Thu, 09 Feb 2023 12:27:48 GMT
Content-Type: application/json; charset=utf-8
Content-Length: 85
Connection: keep-alive
X-Powered-By: Express
Access-Control-Allow-Origin: *
Etag: W/"55-oiGCNSb4jfOCthO9SuCvVlXG2dQ"
Via: 1.1 vegur
CF-Cache-Status: DYNAMIC
Report-To: {"endpoints":[{"url":"https:\/\/a.nel.cloudflare.com\/report\/v3?s=XsyX47QSjpFWitekIo0J6yM%2B6iEUMdNfp3drqVndDybTeVEuNvCA9O6MHQmRAl5YpN1dYsbuZ500RcDuK0PH5Xg2dS%2FwsLha85MiuL8xXwKRBgnvB%2FSEK%2FD%2F%2Bg%3D%3D"}],"group":"cf-nel","max_age":604800}
NEL: {"success_fraction":0,"report_to":"cf-nel","max_age":604800}
Server: cloudflare
CF-RAY: 796c99e6ae796ec5-BOM

{
    "name": "Abhay",
    "job": "Sr. Leader",
    "id": "795",
    "createdAt": "2023-02-09T12:27:47.956Z"
}
]]></system-out>
    <system-err><![CDATA[SLF4J: Failed to load class "org.slf4j.impl.StaticLoggerBinder".
SLF4J: Defaulting to no-operation (NOP) logger implementation
SLF4J: See http://www.slf4j.org/codes.html#StaticLoggerBinder for further details.
log4j:WARN No appenders could be found for logger (org.apache.http.impl.conn.BasicClientConnectionManager).
log4j:WARN Please initialize the log4j system properly.
log4j:WARN See http://logging.apache.org/log4j/1.2/faq.html#noconfig for more info.
]]></system-err>
  </testcase>
  <testcase name="verifyCreateUserTest[Amit, Leader](2)" classname="reqres.TC_04_Post_CreateUser_DDT" time="0.61">
    <system-out><![CDATA[Name: Amit
ROLE: Leader
Request body: {"name":"Amit","job":"Leader"}
HTTP/1.1 201 Created
Date: Thu, 09 Feb 2023 12:27:50 GMT
Content-Type: application/json; charset=utf-8
Content-Length: 80
Connection: keep-alive
X-Powered-By: Express
Access-Control-Allow-Origin: *
Etag: W/"50-mbnXpIAp5EzaJHMHAToud/+BFI0"
Via: 1.1 vegur
CF-Cache-Status: DYNAMIC
Report-To: {"endpoints":[{"url":"https:\/\/a.nel.cloudflare.com\/report\/v3?s=P%2B82V%2B4jKsmutVRrG%2FRcMzMzCM%2BiMVZKPiLvmm5Qvsop37MN1kNMwHEDNUumX%2BM0%2FrpocYecg0OCtQQRCAGkeRNgg7RXcqirj5RmMJzk1K9zzV495mfV21%2Bscw%3D%3D"}],"group":"cf-nel","max_age":604800}
NEL: {"success_fraction":0,"report_to":"cf-nel","max_age":604800}
Server: cloudflare
CF-RAY: 796c99f51b1c6efb-BOM

{
    "name": "Amit",
    "job": "Leader",
    "id": "122",
    "createdAt": "2023-02-09T12:27:50.249Z"
}
]]></system-out>
  </testcase>
  <testcase name="verifyCreateUserTest[Nithya, Srm Manager](3)" classname="reqres.TC_04_Post_CreateUser_DDT" time="0.639">
    <system-out><![CDATA[Name: Nithya
ROLE: Srm Manager
Request body: {"name":"Nithya","job":"Srm Manager"}
HTTP/1.1 201 Created
Date: Thu, 09 Feb 2023 12:27:50 GMT
Content-Type: application/json; charset=utf-8
Content-Length: 87
Connection: keep-alive
X-Powered-By: Express
Access-Control-Allow-Origin: *
Etag: W/"57-dy4Kdj8R673cP990wAjAIlb/OHA"
Via: 1.1 vegur
CF-Cache-Status: DYNAMIC
Report-To: {"endpoints":[{"url":"https:\/\/a.nel.cloudflare.com\/report\/v3?s=ySyy4tNTwhLyGr7WMsBj1xcrDNVSRdYETK2dBmPp8Bo0e7foNRIDX3NbkSQkL%2F6N9zzlwb3NnQ5L4b28tbevOfV3T%2FXcAsZ4k6kpwnO%2FImioxxkD9XMPXYxEGw%3D%3D"}],"group":"cf-nel","max_age":604800}
NEL: {"success_fraction":0,"report_to":"cf-nel","max_age":604800}
Server: cloudflare
CF-RAY: 796c99f8ebbb2dfd-BOM

{
    "name": "Nithya",
    "job": "Srm Manager",
    "id": "589",
    "createdAt": "2023-02-09T12:27:50.868Z"
}
]]></system-out>
  </testcase>
</testsuite>