<?xml version="1.0" encoding="UTF-8"?>
<testng-results ignored="0" total="3" passed="3" failed="0" skipped="0">
  <reporter-output>
  </reporter-output>
  <suite started-at="2023-02-09T17:57:45 IST" name="Suite" finished-at="2023-02-09T17:57:51 IST" duration-ms="6219">
    <groups>
    </groups>
    <test started-at="2023-02-09T17:57:45 IST" name="Test" finished-at="2023-02-09T17:57:51 IST" duration-ms="6219">
      <class name="reqres.TC_04_Post_CreateUser_DDT">
        <test-method signature="verifyCreateUserTest(java.lang.String,java.lang.String)[pri:0, instance:reqres.TC_04_Post_CreateUser_DDT@2fb3536e]" started-at="2023-02-09T17:57:45 IST" name="verifyCreateUserTest" data-provider="smokeTestData" finished-at="2023-02-09T17:57:50 IST" duration-ms="4822" status="PASS">
          <params>
            <param index="0">
              <value>
                <![CDATA[Abhay]]>
              </value>
            </param>
            <param index="1">
              <value>
                <![CDATA[Sr. Leader]]>
              </value>
            </param>
          </params>
          <reporter-output>
          </reporter-output>
        </test-method> <!-- verifyCreateUserTest -->
        <test-method signature="verifyCreateUserTest(java.lang.String,java.lang.String)[pri:0, instance:reqres.TC_04_Post_CreateUser_DDT@2fb3536e]" started-at="2023-02-09T17:57:50 IST" name="verifyCreateUserTest" data-provider="smokeTestData" finished-at="2023-02-09T17:57:50 IST" duration-ms="640" status="PASS">
          <params>
            <param index="0">
              <value>
                <![CDATA[Amit]]>
              </value>
            </param>
            <param index="1">
              <value>
                <![CDATA[Leader]]>
              </value>
            </param>
          </params>
          <reporter-output>
          </reporter-output>
        </test-method> <!-- verifyCreateUserTest -->
        <test-method signature="verifyCreateUserTest(java.lang.String,java.lang.String)[pri:0, instance:reqres.TC_04_Post_CreateUser_DDT@2fb3536e]" started-at="2023-02-09T17:57:50 IST" name="verifyCreateUserTest" data-provider="smokeTestData" finished-at="2023-02-09T17:57:51 IST" duration-ms="632" status="PASS">
          <params>
            <param index="0">
              <value>
                <![CDATA[Nithya]]>
              </value>
            </param>
            <param index="1">
              <value>
                <![CDATA[Srm Manager]]>
              </value>
            </param>
          </params>
          <reporter-output>
          </reporter-output>
        </test-method> <!-- verifyCreateUserTest -->
      </class> <!-- reqres.TC_04_Post_CreateUser_DDT -->
    </test> <!-- Test -->
  </suite> <!-- Suite -->
</testng-results>
